<?xml version="1.0" encoding="UTF-8"?>
<testsuite name="chap02.PasswordStrengthMeterTest" tests="3" skipped="0" failures="0" errors="0" timestamp="2023-01-07T14:44:18" hostname="MacBookAir.local" time="0.01">
  <properties/>
  <testcase name="meetsAllCriteria_Then_Strong()" classname="chap02.PasswordStrengthMeterTest" time="0.008"/>
  <testcase name="meetsOtherCriteria_except_for_number_Then_Normal()" classname="chap02.PasswordStrengthMeterTest" time="0.0"/>
  <testcase name="meetsOtherCriteria_except_for_Length_Then_Normal()" classname="chap02.PasswordStrengthMeterTest" time="0.0"/>
  <system-out><![CDATA[]]></system-out>
  <system-err><![CDATA[]]></system-err>
</testsuite>
