<?xml version="1.0" encoding="UTF-8"?>
<testsuite name="com.hou27.chap02.PasswordStrengthMeterTest" tests="9" skipped="0" failures="0" errors="0" timestamp="2023-01-05T20:58:55" hostname="DESKTOP-HLVLCOI" time="0.061">
  <properties/>
  <testcase name="meetsOtherCriteria_except_for_Number_Then_Normal()" classname="com.hou27.chap02.PasswordStrengthMeterTest" time="0.029"/>
  <testcase name="meetsAllCriteria_Then_Strong()" classname="com.hou27.chap02.PasswordStrengthMeterTest" time="0.002"/>
  <testcase name="meetsOnlyLengthCriteria_Then_Weak()" classname="com.hou27.chap02.PasswordStrengthMeterTest" time="0.002"/>
  <testcase name="nullInput_Then_Invalid()" classname="com.hou27.chap02.PasswordStrengthMeterTest" time="0.001"/>
  <testcase name="meetsOtherCriteria_except_for_Uppercase_Then_Normal()" classname="com.hou27.chap02.PasswordStrengthMeterTest" time="0.001"/>
  <testcase name="meetsNoCriteria_Then_Weak()" classname="com.hou27.chap02.PasswordStrengthMeterTest" time="0.002"/>
  <testcase name="meetsOnlyNumCriteria_Then_Weak()" classname="com.hou27.chap02.PasswordStrengthMeterTest" time="0.002"/>
  <testcase name="meetsOnlyUpperCriteria_Then_Weak()" classname="com.hou27.chap02.PasswordStrengthMeterTest" time="0.001"/>
  <testcase name="meetsOtherCriteria_except_for_Length_Then_Normal()" classname="com.hou27.chap02.PasswordStrengthMeterTest" time="0.002"/>
  <system-out><![CDATA[]]></system-out>
  <system-err><![CDATA[]]></system-err>
</testsuite>
