<?xml version="1.0" encoding="UTF-8"?>
<testsuite name="chap02.PasswordStrengthMeterTest" tests="1" skipped="0" failures="0" errors="0" timestamp="2023-01-05T16:53:55" hostname="hangyubeom-ui-MacBookPro.local" time="0.007">
  <properties/>
  <testcase name="meetsNoCriteria_Then_Weak()" classname="chap02.PasswordStrengthMeterTest" time="0.007"/>
  <system-out><![CDATA[]]></system-out>
  <system-err><![CDATA[]]></system-err>
</testsuite>
